This file contains any messages produced by compilers while
running configure, to aid debugging if configure makes a mistake.

It was created by danetlsa configure 1.0, which was
generated by GNU Autoconf 2.69.  Invocation command line was

  $ ./configure --prefix=/usr --no-create --no-recursion

## --------- ##
## Platform. ##
## --------- ##

hostname = indimail.in
uname -m = x86_64
uname -r = 4.16.6-302.fc28.x86_64
uname -s = Linux
uname -v = #1 SMP Wed May 2 00:07:06 UTC 2018

/usr/bin/uname -p = x86_64
/bin/uname -X     = unknown

/bin/arch              = x86_64
/usr/bin/arch -k       = unknown
/usr/convex/getsysinfo = unknown
/usr/bin/hostinfo      = unknown
/bin/machine           = unknown
/usr/bin/oslevel       = unknown
/bin/universe          = unknown

PATH: /usr/share/Modules/bin
PATH: /usr/local/bin
PATH: /usr/local/sbin
PATH: /usr/bin
PATH: /usr/sbin
PATH: /home/mbhangui/.composer/vendor/bin
PATH: /usr/local/bin
PATH: /home/mbhangui/bin
PATH: /usr/local/mysql/bin
PATH: /var/indimail/bin
PATH: /var/indimail/sbin
PATH: /usr/local/bin
PATH: /home/mbhangui/bin
PATH: /usr/local/mysql/bin
PATH: /var/indimail/bin
PATH: /var/indimail/sbin


## ----------- ##
## Core tests. ##
## ----------- ##

configure:2228: loading site script /usr/share/config.site
| # This is the config.site file to satisfy FHS defaults when installing below
| # /usr.
| #
| # You may override this file by your config.site using the CONFIG_SITE env
| # variable.
| #
| # Note: This file includes also RHEL/Fedora fix for installing libraries into
| # "/lib/lib64" on 64bit systems.
| 
| if test -n "$host"; then
|     # skip when cross-compiling
|     return 0
| fi
| 
| if test "$prefix" = /usr \
|    || { test "$prefix" = NONE && test "$ac_default_prefix" = /usr ; }
| then
|     test "$sysconfdir" = '${prefix}/etc' && sysconfdir=/etc
|     test "$sharedstatedir" = '${prefix}/com' && sharedstatedir=/var
|     test "$localstatedir" = '${prefix}/var' && localstatedir=/var
| 
|     ARCH=`uname -m`
|     for i in x86_64 ppc64 s390x aarch64; do
|         if test $ARCH = $i; then
|             test "$libdir" = '${exec_prefix}/lib' && libdir='${exec_prefix}/lib64'
|             break
|         fi
|     done
| fi
configure:2372: checking for a BSD-compatible install
configure:2440: result: /usr/bin/install -c
configure:2451: checking whether build environment is sane
configure:2506: result: yes
configure:2657: checking for a thread-safe mkdir -p
configure:2696: result: /usr/bin/mkdir -p
configure:2703: checking for gawk
configure:2719: found /usr/bin/gawk
configure:2730: result: gawk
configure:2741: checking whether make sets $(MAKE)
configure:2763: result: yes
configure:2792: checking whether make supports nested variables
configure:2809: result: yes
configure:2964: checking build system type
configure:2978: result: x86_64-pc-linux-gnu
configure:2998: checking host system type
configure:3011: result: x86_64-pc-linux-gnu
configure:3052: checking how to print strings
configure:3079: result: printf
configure:3112: checking for style of include used by make
configure:3140: result: GNU
configure:3211: checking for gcc
configure:3227: found /usr/bin/gcc
configure:3238: result: gcc
configure:3467: checking for C compiler version
configure:3476: gcc --version >&5
gcc (GCC) 8.0.1 20180324 (Red Hat 8.0.1-0.20)
Copyright (C) 2018 Free Software Foundation, Inc.
This is free software; see the source for copying conditions.  There is NO
warranty; not even for MERCHANTABILITY or FITNESS FOR A PARTICULAR PURPOSE.

configure:3487: $? = 0
configure:3476: gcc -v >&5
Using built-in specs.
COLLECT_GCC=gcc
COLLECT_LTO_WRAPPER=/usr/libexec/gcc/x86_64-redhat-linux/8/lto-wrapper
OFFLOAD_TARGET_NAMES=nvptx-none
OFFLOAD_TARGET_DEFAULT=1
Target: x86_64-redhat-linux
Configured with: ../configure --enable-bootstrap --enable-languages=c,c++,objc,obj-c++,fortran,ada,go,lto --prefix=/usr --mandir=/usr/share/man --infodir=/usr/share/info --with-bugurl=http://bugzilla.redhat.com/bugzilla --enable-shared --enable-threads=posix --enable-checking=release --enable-multilib --with-system-zlib --enable-__cxa_atexit --disable-libunwind-exceptions --enable-gnu-unique-object --enable-linker-build-id --with-gcc-major-version-only --with-linker-hash-style=gnu --enable-plugin --enable-initfini-array --with-isl --enable-libmpx --enable-offload-targets=nvptx-none --without-cuda-driver --enable-gnu-indirect-function --with-tune=generic --with-arch_32=i686 --build=x86_64-redhat-linux
Thread model: posix
gcc version 8.0.1 20180324 (Red Hat 8.0.1-0.20) (GCC) 
configure:3487: $? = 0
configure:3476: gcc -V >&5
gcc: error: unrecognized command line option '-V'
gcc: fatal error: no input files
compilation terminated.
configure:3487: $? = 1
configure:3476: gcc -qversion >&5
gcc: error: unrecognized command line option '-qversion'; did you mean '--version'?
gcc: fatal error: no input files
compilation terminated.
configure:3487: $? = 1
configure:3507: checking whether the C compiler works
configure:3529: gcc    conftest.c  >&5
configure:3533: $? = 0
configure:3581: result: yes
configure:3584: checking for C compiler default output file name
configure:3586: result: a.out
configure:3592: checking for suffix of executables
configure:3599: gcc -o conftest    conftest.c  >&5
configure:3603: $? = 0
configure:3625: result: 
configure:3647: checking whether we are cross compiling
configure:3655: gcc -o conftest    conftest.c  >&5
configure:3659: $? = 0
configure:3666: ./conftest
configure:3670: $? = 0
configure:3685: result: no
configure:3690: checking for suffix of object files
configure:3712: gcc -c   conftest.c >&5
configure:3716: $? = 0
configure:3737: result: o
configure:3741: checking whether we are using the GNU C compiler
configure:3760: gcc -c   conftest.c >&5
configure:3760: $? = 0
configure:3769: result: yes
configure:3778: checking whether gcc accepts -g
configure:3798: gcc -c -g  conftest.c >&5
configure:3798: $? = 0
configure:3839: result: yes
configure:3856: checking for gcc option to accept ISO C89
configure:3919: gcc  -c -g -O2  conftest.c >&5
configure:3919: $? = 0
configure:3932: result: none needed
configure:3957: checking whether gcc understands -c and -o together
configure:3979: gcc -c conftest.c -o conftest2.o
configure:3982: $? = 0
configure:3979: gcc -c conftest.c -o conftest2.o
configure:3982: $? = 0
configure:3994: result: yes
configure:4013: checking dependency style of gcc
configure:4124: result: gcc3
configure:4139: checking for a sed that does not truncate output
configure:4203: result: /usr/bin/sed
configure:4221: checking for grep that handles long lines and -e
configure:4279: result: /usr/bin/grep
configure:4284: checking for egrep
configure:4346: result: /usr/bin/grep -E
configure:4351: checking for fgrep
configure:4413: result: /usr/bin/grep -F
configure:4448: checking for ld used by gcc
configure:4515: result: /usr/bin/ld
configure:4522: checking if the linker (/usr/bin/ld) is GNU ld
configure:4537: result: yes
configure:4549: checking for BSD- or MS-compatible name lister (nm)
configure:4603: result: /usr/bin/nm -B
configure:4733: checking the name lister (/usr/bin/nm -B) interface
configure:4740: gcc -c -g -O2  conftest.c >&5
configure:4743: /usr/bin/nm -B "conftest.o"
configure:4746: output
0000000000000000 B some_variable
configure:4753: result: BSD nm
configure:4756: checking whether ln -s works
configure:4760: result: yes
configure:4768: checking the maximum length of command line arguments
configure:4899: result: 1572864
configure:4947: checking how to convert x86_64-pc-linux-gnu file names to x86_64-pc-linux-gnu format
configure:4987: result: func_convert_file_noop
configure:4994: checking how to convert x86_64-pc-linux-gnu file names to toolchain format
configure:5014: result: func_convert_file_noop
configure:5021: checking for /usr/bin/ld option to reload object files
configure:5028: result: -r
configure:5102: checking for objdump
configure:5118: found /usr/bin/objdump
configure:5129: result: objdump
configure:5161: checking how to recognize dependent libraries
configure:5361: result: pass_all
configure:5446: checking for dlltool
configure:5476: result: no
configure:5506: checking how to associate runtime and link libraries
configure:5533: result: printf %s\n
configure:5594: checking for ar
configure:5610: found /usr/bin/ar
configure:5621: result: ar
configure:5658: checking for archiver @FILE support
configure:5675: gcc -c -g -O2  conftest.c >&5
configure:5675: $? = 0
configure:5678: ar cru libconftest.a @conftest.lst >&5
configure:5681: $? = 0
configure:5686: ar cru libconftest.a @conftest.lst >&5
ar: conftest.o: No such file or directory
configure:5689: $? = 1
configure:5701: result: @
configure:5759: checking for strip
configure:5775: found /usr/bin/strip
configure:5786: result: strip
configure:5858: checking for ranlib
configure:5874: found /usr/bin/ranlib
configure:5885: result: ranlib
configure:5987: checking command to parse /usr/bin/nm -B output from gcc object
configure:6140: gcc -c -g -O2  conftest.c >&5
configure:6143: $? = 0
configure:6147: /usr/bin/nm -B conftest.o \| sed -n -e 's/^.*[ ]\([ABCDGIRSTW][ABCDGIRSTW]*\)[ ][ ]*\([_A-Za-z][_A-Za-z0-9]*\)$/\1 \2 \2/p' | sed '/ __gnu_lto/d' \> conftest.nm
configure:6150: $? = 0
configure:6216: gcc -o conftest -g -O2   conftest.c conftstm.o >&5
configure:6219: $? = 0
configure:6257: result: ok
configure:6304: checking for sysroot
configure:6334: result: no
configure:6341: checking for a working dd
configure:6379: result: /usr/bin/dd
configure:6383: checking how to truncate binary pipes
configure:6398: result: /usr/bin/dd bs=4096 count=1
configure:6534: gcc -c -g -O2  conftest.c >&5
configure:6537: $? = 0
configure:6727: checking for mt
configure:6757: result: no
configure:6777: checking if : is a manifest tool
configure:6783: : '-?'
configure:6791: result: no
configure:7468: checking how to run the C preprocessor
configure:7499: gcc -E  conftest.c
configure:7499: $? = 0
configure:7513: gcc -E  conftest.c
conftest.c:11:10: fatal error: ac_nonexistent.h: No such file or directory
 #include <ac_nonexistent.h>
          ^~~~~~~~~~~~~~~~~~
compilation terminated.
configure:7513: $? = 1
configure: failed program was:
| /* confdefs.h */
| #define PACKAGE_NAME "danetlsa"
| #define PACKAGE_TARNAME "danetlsa"
| #define PACKAGE_VERSION "1.0"
| #define PACKAGE_STRING "danetlsa 1.0"
| #define PACKAGE_BUGREPORT "Manvendra Bhangui manvendra@indimail.org"
| #define PACKAGE_URL "http://www.indimail.org"
| #define PACKAGE "danetlsa"
| #define VERSION "1.0"
| /* end confdefs.h.  */
| #include <ac_nonexistent.h>
configure:7538: result: gcc -E
configure:7558: gcc -E  conftest.c
configure:7558: $? = 0
configure:7572: gcc -E  conftest.c
conftest.c:11:10: fatal error: ac_nonexistent.h: No such file or directory
 #include <ac_nonexistent.h>
          ^~~~~~~~~~~~~~~~~~
compilation terminated.
configure:7572: $? = 1
configure: failed program was:
| /* confdefs.h */
| #define PACKAGE_NAME "danetlsa"
| #define PACKAGE_TARNAME "danetlsa"
| #define PACKAGE_VERSION "1.0"
| #define PACKAGE_STRING "danetlsa 1.0"
| #define PACKAGE_BUGREPORT "Manvendra Bhangui manvendra@indimail.org"
| #define PACKAGE_URL "http://www.indimail.org"
| #define PACKAGE "danetlsa"
| #define VERSION "1.0"
| /* end confdefs.h.  */
| #include <ac_nonexistent.h>
configure:7601: checking for ANSI C header files
configure:7621: gcc -c -g -O2  conftest.c >&5
configure:7621: $? = 0
configure:7694: gcc -o conftest -g -O2   conftest.c  >&5
configure:7694: $? = 0
configure:7694: ./conftest
configure:7694: $? = 0
configure:7705: result: yes
configure:7718: checking for sys/types.h
configure:7718: gcc -c -g -O2  conftest.c >&5
configure:7718: $? = 0
configure:7718: result: yes
configure:7718: checking for sys/stat.h
configure:7718: gcc -c -g -O2  conftest.c >&5
configure:7718: $? = 0
configure:7718: result: yes
configure:7718: checking for stdlib.h
configure:7718: gcc -c -g -O2  conftest.c >&5
configure:7718: $? = 0
configure:7718: result: yes
configure:7718: checking for string.h
configure:7718: gcc -c -g -O2  conftest.c >&5
configure:7718: $? = 0
configure:7718: result: yes
configure:7718: checking for memory.h
configure:7718: gcc -c -g -O2  conftest.c >&5
configure:7718: $? = 0
configure:7718: result: yes
configure:7718: checking for strings.h
configure:7718: gcc -c -g -O2  conftest.c >&5
configure:7718: $? = 0
configure:7718: result: yes
configure:7718: checking for inttypes.h
configure:7718: gcc -c -g -O2  conftest.c >&5
configure:7718: $? = 0
configure:7718: result: yes
configure:7718: checking for stdint.h
configure:7718: gcc -c -g -O2  conftest.c >&5
configure:7718: $? = 0
configure:7718: result: yes
configure:7718: checking for unistd.h
configure:7718: gcc -c -g -O2  conftest.c >&5
configure:7718: $? = 0
configure:7718: result: yes
configure:7732: checking for dlfcn.h
configure:7732: gcc -c -g -O2  conftest.c >&5
configure:7732: $? = 0
configure:7732: result: yes
configure:7988: checking for objdir
configure:8003: result: .libs
configure:8267: checking if gcc supports -fno-rtti -fno-exceptions
configure:8285: gcc -c -g -O2  -fno-rtti -fno-exceptions conftest.c >&5
cc1: warning: command line option '-fno-rtti' is valid for C++/ObjC++ but not for C
configure:8289: $? = 0
configure:8302: result: no
configure:8660: checking for gcc option to produce PIC
configure:8667: result: -fPIC -DPIC
configure:8675: checking if gcc PIC flag -fPIC -DPIC works
configure:8693: gcc -c -g -O2  -fPIC -DPIC -DPIC conftest.c >&5
configure:8697: $? = 0
configure:8710: result: yes
configure:8739: checking if gcc static flag -static works
configure:8767: result: no
configure:8782: checking if gcc supports -c -o file.o
configure:8803: gcc -c -g -O2  -o out/conftest2.o conftest.c >&5
configure:8807: $? = 0
configure:8829: result: yes
configure:8837: checking if gcc supports -c -o file.o
configure:8884: result: yes
configure:8917: checking whether the gcc linker (/usr/bin/ld -m elf_x86_64) supports shared libraries
configure:10176: result: yes
configure:10213: checking whether -lc should be explicitly linked in
configure:10221: gcc -c -g -O2  conftest.c >&5
configure:10224: $? = 0
configure:10239: gcc -shared  -fPIC -DPIC conftest.o  -v -Wl,-soname -Wl,conftest -o conftest 2\>\&1 \| /usr/bin/grep  -lc  \>/dev/null 2\>\&1
configure:10242: $? = 0
configure:10256: result: no
configure:10416: checking dynamic linker characteristics
configure:10997: gcc -o conftest -g -O2   -Wl,-rpath -Wl,/foo conftest.c  >&5
configure:10997: $? = 0
configure:11237: result: GNU/Linux ld.so
configure:11359: checking how to hardcode library paths into programs
configure:11384: result: immediate
configure:11932: checking whether stripping libraries is possible
configure:11937: result: yes
configure:11972: checking if libtool supports shared libraries
configure:11974: result: yes
configure:11977: checking whether to build shared libraries
configure:12002: result: yes
configure:12005: checking whether to build static libraries
configure:12009: result: yes
configure:12125: checking for gcc
configure:12152: result: gcc
configure:12381: checking for C compiler version
configure:12390: gcc --version >&5
gcc (GCC) 8.0.1 20180324 (Red Hat 8.0.1-0.20)
Copyright (C) 2018 Free Software Foundation, Inc.
This is free software; see the source for copying conditions.  There is NO
warranty; not even for MERCHANTABILITY or FITNESS FOR A PARTICULAR PURPOSE.

configure:12401: $? = 0
configure:12390: gcc -v >&5
Using built-in specs.
COLLECT_GCC=gcc
COLLECT_LTO_WRAPPER=/usr/libexec/gcc/x86_64-redhat-linux/8/lto-wrapper
OFFLOAD_TARGET_NAMES=nvptx-none
OFFLOAD_TARGET_DEFAULT=1
Target: x86_64-redhat-linux
Configured with: ../configure --enable-bootstrap --enable-languages=c,c++,objc,obj-c++,fortran,ada,go,lto --prefix=/usr --mandir=/usr/share/man --infodir=/usr/share/info --with-bugurl=http://bugzilla.redhat.com/bugzilla --enable-shared --enable-threads=posix --enable-checking=release --enable-multilib --with-system-zlib --enable-__cxa_atexit --disable-libunwind-exceptions --enable-gnu-unique-object --enable-linker-build-id --with-gcc-major-version-only --with-linker-hash-style=gnu --enable-plugin --enable-initfini-array --with-isl --enable-libmpx --enable-offload-targets=nvptx-none --without-cuda-driver --enable-gnu-indirect-function --with-tune=generic --with-arch_32=i686 --build=x86_64-redhat-linux
Thread model: posix
gcc version 8.0.1 20180324 (Red Hat 8.0.1-0.20) (GCC) 
configure:12401: $? = 0
configure:12390: gcc -V >&5
gcc: error: unrecognized command line option '-V'
gcc: fatal error: no input files
compilation terminated.
configure:12401: $? = 1
configure:12390: gcc -qversion >&5
gcc: error: unrecognized command line option '-qversion'; did you mean '--version'?
gcc: fatal error: no input files
compilation terminated.
configure:12401: $? = 1
configure:12405: checking whether we are using the GNU C compiler
configure:12433: result: yes
configure:12442: checking whether gcc accepts -g
configure:12503: result: yes
configure:12520: checking for gcc option to accept ISO C89
configure:12596: result: none needed
configure:12621: checking whether gcc understands -c and -o together
configure:12658: result: yes
configure:12677: checking dependency style of gcc
configure:12788: result: gcc3
configure:12810: checking for SSL_CTX_new in -lssl
configure:12835: gcc -o conftest -g -O2   conftest.c -lssl -lssl -lcrypto  >&5
configure:12835: $? = 0
configure:12844: result: yes
configure:12853: checking for getdns_context_create in -lgetdns
configure:12878: gcc -o conftest -g -O2   conftest.c -lgetdns   >&5
configure:12878: $? = 0
configure:12887: result: yes
configure:12900: checking for getdns_extension_set_libevent_base in -lgetdns_ext_event
configure:12925: gcc -o conftest -g -O2   conftest.c -lgetdns_ext_event  -lgetdns  >&5
configure:12925: $? = 0
configure:12934: result: yes
configure:12947: checking for event_base_new in -levent
configure:12972: gcc -o conftest -g -O2   conftest.c -levent  -lgetdns_ext_event -lgetdns  >&5
configure:12972: $? = 0
configure:12981: result: yes
configure:12998: checking arpa/inet.h usability
configure:12998: gcc -c -g -O2  conftest.c >&5
configure:12998: $? = 0
configure:12998: result: yes
configure:12998: checking arpa/inet.h presence
configure:12998: gcc -E  conftest.c
configure:12998: $? = 0
configure:12998: result: yes
configure:12998: checking for arpa/inet.h
configure:12998: result: yes
configure:12998: checking for inttypes.h
configure:12998: result: yes
configure:12998: checking netdb.h usability
configure:12998: gcc -c -g -O2  conftest.c >&5
configure:12998: $? = 0
configure:12998: result: yes
configure:12998: checking netdb.h presence
configure:12998: gcc -E  conftest.c
configure:12998: $? = 0
configure:12998: result: yes
configure:12998: checking for netdb.h
configure:12998: result: yes
configure:12998: checking netinet/in.h usability
configure:12998: gcc -c -g -O2  conftest.c >&5
configure:12998: $? = 0
configure:12998: result: yes
configure:12998: checking netinet/in.h presence
configure:12998: gcc -E  conftest.c
configure:12998: $? = 0
configure:12998: result: yes
configure:12998: checking for netinet/in.h
configure:12998: result: yes
configure:12998: checking for stdint.h
configure:12998: result: yes
configure:12998: checking for stdlib.h
configure:12998: result: yes
configure:12998: checking for string.h
configure:12998: result: yes
configure:12998: checking sys/socket.h usability
configure:12998: gcc -c -g -O2  conftest.c >&5
configure:12998: $? = 0
configure:12998: result: yes
configure:12998: checking sys/socket.h presence
configure:12998: gcc -E  conftest.c
configure:12998: $? = 0
configure:12998: result: yes
configure:12998: checking for sys/socket.h
configure:12998: result: yes
configure:12998: checking for unistd.h
configure:12998: result: yes
configure:13011: checking stdarg.h usability
configure:13011: gcc -c -g -O2  conftest.c >&5
configure:13011: $? = 0
configure:13011: result: yes
configure:13011: checking stdarg.h presence
configure:13011: gcc -E  conftest.c
configure:13011: $? = 0
configure:13011: result: yes
configure:13011: checking for stdarg.h
configure:13011: result: yes
configure:13011: checking utils2/event.h usability
configure:13011: gcc -c -g -O2  conftest.c >&5
conftest.c:70:10: fatal error: utils2/event.h: No such file or directory
 #include <utils2/event.h>
          ^~~~~~~~~~~~~~~~
compilation terminated.
configure:13011: $? = 1
configure: failed program was:
| /* confdefs.h */
| #define PACKAGE_NAME "danetlsa"
| #define PACKAGE_TARNAME "danetlsa"
| #define PACKAGE_VERSION "1.0"
| #define PACKAGE_STRING "danetlsa 1.0"
| #define PACKAGE_BUGREPORT "Manvendra Bhangui manvendra@indimail.org"
| #define PACKAGE_URL "http://www.indimail.org"
| #define PACKAGE "danetlsa"
| #define VERSION "1.0"
| #define STDC_HEADERS 1
| #define HAVE_SYS_TYPES_H 1
| #define HAVE_SYS_STAT_H 1
| #define HAVE_STDLIB_H 1
| #define HAVE_STRING_H 1
| #define HAVE_MEMORY_H 1
| #define HAVE_STRINGS_H 1
| #define HAVE_INTTYPES_H 1
| #define HAVE_STDINT_H 1
| #define HAVE_UNISTD_H 1
| #define HAVE_DLFCN_H 1
| #define LT_OBJDIR ".libs/"
| #define HAVE_SSL 1
| #define HAVE_LIBGETDNS 1
| #define HAVE_LIBGETDNS_EXT_EVENT 1
| #define HAVE_LIBEVENT 1
| #define HAVE_ARPA_INET_H 1
| #define HAVE_INTTYPES_H 1
| #define HAVE_NETDB_H 1
| #define HAVE_NETINET_IN_H 1
| #define HAVE_STDINT_H 1
| #define HAVE_STDLIB_H 1
| #define HAVE_STRING_H 1
| #define HAVE_SYS_SOCKET_H 1
| #define HAVE_UNISTD_H 1
| #define HAVE_STDARG_H 1
| /* end confdefs.h.  */
| #include <stdio.h>
| #ifdef HAVE_SYS_TYPES_H
| # include <sys/types.h>
| #endif
| #ifdef HAVE_SYS_STAT_H
| # include <sys/stat.h>
| #endif
| #ifdef STDC_HEADERS
| # include <stdlib.h>
| # include <stddef.h>
| #else
| # ifdef HAVE_STDLIB_H
| #  include <stdlib.h>
| # endif
| #endif
| #ifdef HAVE_STRING_H
| # if !defined STDC_HEADERS && defined HAVE_MEMORY_H
| #  include <memory.h>
| # endif
| # include <string.h>
| #endif
| #ifdef HAVE_STRINGS_H
| # include <strings.h>
| #endif
| #ifdef HAVE_INTTYPES_H
| # include <inttypes.h>
| #endif
| #ifdef HAVE_STDINT_H
| # include <stdint.h>
| #endif
| #ifdef HAVE_UNISTD_H
| # include <unistd.h>
| #endif
| #include <utils2/event.h>
configure:13011: result: no
configure:13011: checking utils2/event.h presence
configure:13011: gcc -E  conftest.c
conftest.c:37:10: fatal error: utils2/event.h: No such file or directory
 #include <utils2/event.h>
          ^~~~~~~~~~~~~~~~
compilation terminated.
configure:13011: $? = 1
configure: failed program was:
| /* confdefs.h */
| #define PACKAGE_NAME "danetlsa"
| #define PACKAGE_TARNAME "danetlsa"
| #define PACKAGE_VERSION "1.0"
| #define PACKAGE_STRING "danetlsa 1.0"
| #define PACKAGE_BUGREPORT "Manvendra Bhangui manvendra@indimail.org"
| #define PACKAGE_URL "http://www.indimail.org"
| #define PACKAGE "danetlsa"
| #define VERSION "1.0"
| #define STDC_HEADERS 1
| #define HAVE_SYS_TYPES_H 1
| #define HAVE_SYS_STAT_H 1
| #define HAVE_STDLIB_H 1
| #define HAVE_STRING_H 1
| #define HAVE_MEMORY_H 1
| #define HAVE_STRINGS_H 1
| #define HAVE_INTTYPES_H 1
| #define HAVE_STDINT_H 1
| #define HAVE_UNISTD_H 1
| #define HAVE_DLFCN_H 1
| #define LT_OBJDIR ".libs/"
| #define HAVE_SSL 1
| #define HAVE_LIBGETDNS 1
| #define HAVE_LIBGETDNS_EXT_EVENT 1
| #define HAVE_LIBEVENT 1
| #define HAVE_ARPA_INET_H 1
| #define HAVE_INTTYPES_H 1
| #define HAVE_NETDB_H 1
| #define HAVE_NETINET_IN_H 1
| #define HAVE_STDINT_H 1
| #define HAVE_STDLIB_H 1
| #define HAVE_STRING_H 1
| #define HAVE_SYS_SOCKET_H 1
| #define HAVE_UNISTD_H 1
| #define HAVE_STDARG_H 1
| /* end confdefs.h.  */
| #include <utils2/event.h>
configure:13011: result: no
configure:13011: checking for utils2/event.h
configure:13011: result: no
configure:13011: checking event.h usability
configure:13011: gcc -c -g -O2  conftest.c >&5
configure:13011: $? = 0
configure:13011: result: yes
configure:13011: checking event.h presence
configure:13011: gcc -E  conftest.c
configure:13011: $? = 0
configure:13011: result: yes
configure:13011: checking for event.h
configure:13011: result: yes
configure:13024: checking getdns/getdns.h usability
configure:13024: gcc -c -g -O2  conftest.c >&5
configure:13024: $? = 0
configure:13024: result: yes
configure:13024: checking getdns/getdns.h presence
configure:13024: gcc -E  conftest.c
configure:13024: $? = 0
configure:13024: result: yes
configure:13024: checking for getdns/getdns.h
configure:13024: result: yes
configure:13024: checking getdns/getdns_extra.h usability
configure:13024: gcc -c -g -O2  conftest.c >&5
configure:13024: $? = 0
configure:13024: result: yes
configure:13024: checking getdns/getdns_extra.h presence
configure:13024: gcc -E  conftest.c
configure:13024: $? = 0
configure:13024: result: yes
configure:13024: checking for getdns/getdns_extra.h
configure:13024: result: yes
configure:13024: checking getdns/getdns_ext_libevent.h usability
configure:13024: gcc -c -g -O2  conftest.c >&5
configure:13024: $? = 0
configure:13024: result: yes
configure:13024: checking getdns/getdns_ext_libevent.h presence
configure:13024: gcc -E  conftest.c
configure:13024: $? = 0
configure:13024: result: yes
configure:13024: checking for getdns/getdns_ext_libevent.h
configure:13024: result: yes
configure:13036: checking for size_t
configure:13036: gcc -c -g -O2  conftest.c >&5
configure:13036: $? = 0
configure:13036: gcc -c -g -O2  conftest.c >&5
conftest.c: In function 'main':
conftest.c:77:21: error: expected expression before ')' token
 if (sizeof ((size_t)))
                     ^
configure:13036: $? = 1
configure: failed program was:
| /* confdefs.h */
| #define PACKAGE_NAME "danetlsa"
| #define PACKAGE_TARNAME "danetlsa"
| #define PACKAGE_VERSION "1.0"
| #define PACKAGE_STRING "danetlsa 1.0"
| #define PACKAGE_BUGREPORT "Manvendra Bhangui manvendra@indimail.org"
| #define PACKAGE_URL "http://www.indimail.org"
| #define PACKAGE "danetlsa"
| #define VERSION "1.0"
| #define STDC_HEADERS 1
| #define HAVE_SYS_TYPES_H 1
| #define HAVE_SYS_STAT_H 1
| #define HAVE_STDLIB_H 1
| #define HAVE_STRING_H 1
| #define HAVE_MEMORY_H 1
| #define HAVE_STRINGS_H 1
| #define HAVE_INTTYPES_H 1
| #define HAVE_STDINT_H 1
| #define HAVE_UNISTD_H 1
| #define HAVE_DLFCN_H 1
| #define LT_OBJDIR ".libs/"
| #define HAVE_SSL 1
| #define HAVE_LIBGETDNS 1
| #define HAVE_LIBGETDNS_EXT_EVENT 1
| #define HAVE_LIBEVENT 1
| #define HAVE_ARPA_INET_H 1
| #define HAVE_INTTYPES_H 1
| #define HAVE_NETDB_H 1
| #define HAVE_NETINET_IN_H 1
| #define HAVE_STDINT_H 1
| #define HAVE_STDLIB_H 1
| #define HAVE_STRING_H 1
| #define HAVE_SYS_SOCKET_H 1
| #define HAVE_UNISTD_H 1
| #define HAVE_STDARG_H 1
| #define HAVE_EVENT_H 1
| #define HAVE_GETDNS_GETDNS_H 1
| #define HAVE_GETDNS_GETDNS_EXTRA_H 1
| #define HAVE_GETDNS_GETDNS_EXT_LIBEVENT_H 1
| /* end confdefs.h.  */
| #include <stdio.h>
| #ifdef HAVE_SYS_TYPES_H
| # include <sys/types.h>
| #endif
| #ifdef HAVE_SYS_STAT_H
| # include <sys/stat.h>
| #endif
| #ifdef STDC_HEADERS
| # include <stdlib.h>
| # include <stddef.h>
| #else
| # ifdef HAVE_STDLIB_H
| #  include <stdlib.h>
| # endif
| #endif
| #ifdef HAVE_STRING_H
| # if !defined STDC_HEADERS && defined HAVE_MEMORY_H
| #  include <memory.h>
| # endif
| # include <string.h>
| #endif
| #ifdef HAVE_STRINGS_H
| # include <strings.h>
| #endif
| #ifdef HAVE_INTTYPES_H
| # include <inttypes.h>
| #endif
| #ifdef HAVE_STDINT_H
| # include <stdint.h>
| #endif
| #ifdef HAVE_UNISTD_H
| # include <unistd.h>
| #endif
| int
| main ()
| {
| if (sizeof ((size_t)))
| 	    return 0;
|   ;
|   return 0;
| }
configure:13036: result: yes
configure:13047: checking for uint16_t
configure:13047: gcc -c -g -O2  conftest.c >&5
configure:13047: $? = 0
configure:13047: result: yes
configure:13059: checking for uint32_t
configure:13059: gcc -c -g -O2  conftest.c >&5
configure:13059: $? = 0
configure:13059: result: yes
configure:13073: checking for uint8_t
configure:13073: gcc -c -g -O2  conftest.c >&5
configure:13073: $? = 0
configure:13073: result: yes
configure:13097: checking for stdlib.h
configure:13097: result: yes
configure:13107: checking for GNU libc compatible malloc
configure:13131: gcc -o conftest -g -O2   conftest.c -levent -lgetdns_ext_event -lgetdns  >&5
configure:13131: $? = 0
configure:13131: ./conftest
configure:13131: $? = 0
configure:13141: result: yes
configure:13273: checking that generated files are newer than configure
configure:13279: result: done
configure:13306: creating ./config.status

## ---------------- ##
## Cache variables. ##
## ---------------- ##

ac_cv_build=x86_64-pc-linux-gnu
ac_cv_c_compiler_gnu=yes
ac_cv_c_uint16_t=yes
ac_cv_c_uint32_t=yes
ac_cv_c_uint8_t=yes
ac_cv_env_CC_set=
ac_cv_env_CC_value=
ac_cv_env_CFLAGS_set=
ac_cv_env_CFLAGS_value=
ac_cv_env_CPPFLAGS_set=
ac_cv_env_CPPFLAGS_value=
ac_cv_env_CPP_set=
ac_cv_env_CPP_value=
ac_cv_env_LDFLAGS_set=
ac_cv_env_LDFLAGS_value=
ac_cv_env_LIBS_set=
ac_cv_env_LIBS_value=
ac_cv_env_LT_SYS_LIBRARY_PATH_set=
ac_cv_env_LT_SYS_LIBRARY_PATH_value=
ac_cv_env_build_alias_set=
ac_cv_env_build_alias_value=
ac_cv_env_host_alias_set=
ac_cv_env_host_alias_value=
ac_cv_env_target_alias_set=
ac_cv_env_target_alias_value=
ac_cv_func_malloc_0_nonnull=yes
ac_cv_header_arpa_inet_h=yes
ac_cv_header_dlfcn_h=yes
ac_cv_header_event_h=yes
ac_cv_header_getdns_getdns_ext_libevent_h=yes
ac_cv_header_getdns_getdns_extra_h=yes
ac_cv_header_getdns_getdns_h=yes
ac_cv_header_inttypes_h=yes
ac_cv_header_memory_h=yes
ac_cv_header_netdb_h=yes
ac_cv_header_netinet_in_h=yes
ac_cv_header_stdarg_h=yes
ac_cv_header_stdc=yes
ac_cv_header_stdint_h=yes
ac_cv_header_stdlib_h=yes
ac_cv_header_string_h=yes
ac_cv_header_strings_h=yes
ac_cv_header_sys_socket_h=yes
ac_cv_header_sys_stat_h=yes
ac_cv_header_sys_types_h=yes
ac_cv_header_unistd_h=yes
ac_cv_header_utils2_event_h=no
ac_cv_host=x86_64-pc-linux-gnu
ac_cv_lib_event_event_base_new=yes
ac_cv_lib_getdns_ext_event_getdns_extension_set_libevent_base=yes
ac_cv_lib_getdns_getdns_context_create=yes
ac_cv_lib_ssl_SSL_CTX_new=yes
ac_cv_objext=o
ac_cv_path_EGREP='/usr/bin/grep -E'
ac_cv_path_FGREP='/usr/bin/grep -F'
ac_cv_path_GREP=/usr/bin/grep
ac_cv_path_SED=/usr/bin/sed
ac_cv_path_install='/usr/bin/install -c'
ac_cv_path_lt_DD=/usr/bin/dd
ac_cv_path_mkdir=/usr/bin/mkdir
ac_cv_prog_AWK=gawk
ac_cv_prog_CPP='gcc -E'
ac_cv_prog_ac_ct_AR=ar
ac_cv_prog_ac_ct_CC=gcc
ac_cv_prog_ac_ct_OBJDUMP=objdump
ac_cv_prog_ac_ct_RANLIB=ranlib
ac_cv_prog_ac_ct_STRIP=strip
ac_cv_prog_cc_c89=
ac_cv_prog_cc_g=yes
ac_cv_prog_make_make_set=yes
ac_cv_type_size_t=yes
am_cv_CC_dependencies_compiler_type=gcc3
am_cv_make_support_nested_variables=yes
am_cv_prog_cc_c_o=yes
lt_cv_ar_at_file=@
lt_cv_archive_cmds_need_lc=no
lt_cv_deplibs_check_method=pass_all
lt_cv_file_magic_cmd='$MAGIC_CMD'
lt_cv_file_magic_test_file=
lt_cv_ld_reload_flag=-r
lt_cv_nm_interface='BSD nm'
lt_cv_objdir=.libs
lt_cv_path_LD=/usr/bin/ld
lt_cv_path_NM='/usr/bin/nm -B'
lt_cv_path_mainfest_tool=no
lt_cv_prog_compiler_c_o=yes
lt_cv_prog_compiler_pic='-fPIC -DPIC'
lt_cv_prog_compiler_pic_works=yes
lt_cv_prog_compiler_rtti_exceptions=no
lt_cv_prog_compiler_static_works=no
lt_cv_prog_gnu_ld=yes
lt_cv_sharedlib_from_linklib_cmd='printf %s\n'
lt_cv_shlibpath_overrides_runpath=no
lt_cv_sys_global_symbol_pipe='sed -n -e '\''s/^.*[	 ]\([ABCDGIRSTW][ABCDGIRSTW]*\)[	 ][	 ]*\([_A-Za-z][_A-Za-z0-9]*\)$/\1 \2 \2/p'\'' | sed '\''/ __gnu_lto/d'\'''
lt_cv_sys_global_symbol_to_c_name_address='sed -n -e '\''s/^: \(.*\) .*$/  {"\1", (void *) 0},/p'\'' -e '\''s/^[ABCDGIRSTW][ABCDGIRSTW]* .* \(.*\)$/  {"\1", (void *) \&\1},/p'\'''
lt_cv_sys_global_symbol_to_c_name_address_lib_prefix='sed -n -e '\''s/^: \(.*\) .*$/  {"\1", (void *) 0},/p'\'' -e '\''s/^[ABCDGIRSTW][ABCDGIRSTW]* .* \(lib.*\)$/  {"\1", (void *) \&\1},/p'\'' -e '\''s/^[ABCDGIRSTW][ABCDGIRSTW]* .* \(.*\)$/  {"lib\1", (void *) \&\1},/p'\'''
lt_cv_sys_global_symbol_to_cdecl='sed -n -e '\''s/^T .* \(.*\)$/extern int \1();/p'\'' -e '\''s/^[ABCDGIRSTW][ABCDGIRSTW]* .* \(.*\)$/extern char \1;/p'\'''
lt_cv_sys_global_symbol_to_import=
lt_cv_sys_max_cmd_len=1572864
lt_cv_to_host_file_cmd=func_convert_file_noop
lt_cv_to_tool_file_cmd=func_convert_file_noop
lt_cv_truncate_bin='/usr/bin/dd bs=4096 count=1'

## ----------------- ##
## Output variables. ##
## ----------------- ##

ACLOCAL='${SHELL} /usr/local/src/indimail/danetlsa-1.0/missing aclocal-1.15'
AMDEPBACKSLASH='\'
AMDEP_FALSE='#'
AMDEP_TRUE=''
AMTAR='$${TAR-tar}'
AM_BACKSLASH='\'
AM_DEFAULT_V='$(AM_DEFAULT_VERBOSITY)'
AM_DEFAULT_VERBOSITY='1'
AM_V='$(V)'
AR='ar'
AUTOCONF='${SHELL} /usr/local/src/indimail/danetlsa-1.0/missing autoconf'
AUTOHEADER='${SHELL} /usr/local/src/indimail/danetlsa-1.0/missing autoheader'
AUTOMAKE='${SHELL} /usr/local/src/indimail/danetlsa-1.0/missing automake-1.15'
AWK='gawk'
CC='gcc'
CCDEPMODE='depmode=gcc3'
CFLAGS='-g -O2'
CPP='gcc -E'
CPPFLAGS=''
CYGPATH_W='echo'
DEFS='-DHAVE_CONFIG_H'
DEPDIR='.deps'
DLLTOOL='false'
DSYMUTIL=''
DUMPBIN=''
ECHO_C=''
ECHO_N='-n'
ECHO_T=''
EGREP='/usr/bin/grep -E'
EXEEXT=''
FGREP='/usr/bin/grep -F'
GREP='/usr/bin/grep'
INSTALL_DATA='${INSTALL} -m 644'
INSTALL_PROGRAM='${INSTALL}'
INSTALL_SCRIPT='${INSTALL}'
INSTALL_STRIP_PROGRAM='$(install_sh) -c -s'
LD='/usr/bin/ld -m elf_x86_64'
LDFLAGS=''
LIBOBJS=''
LIBS='-levent -lgetdns_ext_event -lgetdns '
LIBTOOL='$(SHELL) $(top_builddir)/libtool'
LIBVER='0:0:0'
LIB_SSL='-lssl -lcrypto'
LIPO=''
LN_S='ln -s'
LTLIBOBJS=''
LT_SYS_LIBRARY_PATH=''
MAKEINFO='${SHELL} /usr/local/src/indimail/danetlsa-1.0/missing makeinfo'
MANIFEST_TOOL=':'
MKDIR_P='/usr/bin/mkdir -p'
NM='/usr/bin/nm -B'
NMEDIT=''
OBJDUMP='objdump'
OBJEXT='o'
OTOOL64=''
OTOOL=''
PACKAGE='danetlsa'
PACKAGE_BUGREPORT='Manvendra Bhangui manvendra@indimail.org'
PACKAGE_NAME='danetlsa'
PACKAGE_STRING='danetlsa 1.0'
PACKAGE_TARNAME='danetlsa'
PACKAGE_URL='http://www.indimail.org'
PACKAGE_VERSION='1.0'
PATH_SEPARATOR=':'
RANLIB='ranlib'
SED='/usr/bin/sed'
SET_MAKE=''
SHELL='/bin/sh'
STRIP='strip'
VERSION='1.0'
ac_ct_AR='ar'
ac_ct_CC='gcc'
ac_ct_DUMPBIN=''
am__EXEEXT_FALSE=''
am__EXEEXT_TRUE='#'
am__fastdepCC_FALSE='#'
am__fastdepCC_TRUE=''
am__include='include'
am__isrc=''
am__leading_dot='.'
am__nodep='_no'
am__quote=''
am__tar='$${TAR-tar} chof - "$$tardir"'
am__untar='$${TAR-tar} xf -'
bindir='${exec_prefix}/bin'
build='x86_64-pc-linux-gnu'
build_alias=''
build_cpu='x86_64'
build_os='linux-gnu'
build_vendor='pc'
datadir='${datarootdir}'
datarootdir='${prefix}/share'
docdir='${datarootdir}/doc/${PACKAGE_TARNAME}'
dvidir='${docdir}'
exec_prefix='${prefix}'
host='x86_64-pc-linux-gnu'
host_alias=''
host_cpu='x86_64'
host_os='linux-gnu'
host_vendor='pc'
htmldir='${docdir}'
includedir='${prefix}/include'
infodir='${datarootdir}/info'
install_sh='${SHELL} /usr/local/src/indimail/danetlsa-1.0/install-sh'
libdir='${exec_prefix}/lib64'
libexecdir='${exec_prefix}/libexec'
localedir='${datarootdir}/locale'
localstatedir='/var'
mandir='${datarootdir}/man'
mkdir_p='$(MKDIR_P)'
oldincludedir='/usr/include'
pdfdir='${docdir}'
prefix='/usr'
program_transform_name='s,x,x,'
psdir='${docdir}'
sbindir='${exec_prefix}/sbin'
sharedstatedir='/var'
sysconfdir='/etc'
target_alias=''

## ----------- ##
## confdefs.h. ##
## ----------- ##

/* confdefs.h */
#define PACKAGE_NAME "danetlsa"
#define PACKAGE_TARNAME "danetlsa"
#define PACKAGE_VERSION "1.0"
#define PACKAGE_STRING "danetlsa 1.0"
#define PACKAGE_BUGREPORT "Manvendra Bhangui manvendra@indimail.org"
#define PACKAGE_URL "http://www.indimail.org"
#define PACKAGE "danetlsa"
#define VERSION "1.0"
#define STDC_HEADERS 1
#define HAVE_SYS_TYPES_H 1
#define HAVE_SYS_STAT_H 1
#define HAVE_STDLIB_H 1
#define HAVE_STRING_H 1
#define HAVE_MEMORY_H 1
#define HAVE_STRINGS_H 1
#define HAVE_INTTYPES_H 1
#define HAVE_STDINT_H 1
#define HAVE_UNISTD_H 1
#define HAVE_DLFCN_H 1
#define LT_OBJDIR ".libs/"
#define HAVE_SSL 1
#define HAVE_LIBGETDNS 1
#define HAVE_LIBGETDNS_EXT_EVENT 1
#define HAVE_LIBEVENT 1
#define HAVE_ARPA_INET_H 1
#define HAVE_INTTYPES_H 1
#define HAVE_NETDB_H 1
#define HAVE_NETINET_IN_H 1
#define HAVE_STDINT_H 1
#define HAVE_STDLIB_H 1
#define HAVE_STRING_H 1
#define HAVE_SYS_SOCKET_H 1
#define HAVE_UNISTD_H 1
#define HAVE_STDARG_H 1
#define HAVE_EVENT_H 1
#define HAVE_GETDNS_GETDNS_H 1
#define HAVE_GETDNS_GETDNS_EXTRA_H 1
#define HAVE_GETDNS_GETDNS_EXT_LIBEVENT_H 1
#define LIBEXECDIR "${exec_prefix}/libexec"
#define HAVE_STDLIB_H 1
#define HAVE_MALLOC 1

configure: exit 0

## ---------------------- ##
## Running config.status. ##
## ---------------------- ##

This file was extended by danetlsa config.status 1.0, which was
generated by GNU Autoconf 2.69.  Invocation command line was

  CONFIG_FILES    = 
  CONFIG_HEADERS  = 
  CONFIG_LINKS    = 
  CONFIG_COMMANDS = 
  $ ./config.status 

on indimail.in

config.status:1107: creating Makefile
config.status:1107: creating config.h
config.status:1288: config.h is unchanged
config.status:1336: executing depfiles commands
config.status:1336: executing libtool commands

## ---------------------- ##
## Running config.status. ##
## ---------------------- ##

This file was extended by danetlsa config.status 1.0, which was
generated by GNU Autoconf 2.69.  Invocation command line was

  CONFIG_FILES    = 
  CONFIG_HEADERS  = 
  CONFIG_LINKS    = 
  CONFIG_COMMANDS = 
  $ ./config.status config.h

on indimail.in

config.status:1107: creating config.h
config.status:1288: config.h is unchanged
